This is pdfTeX, Version 3.14159265-2.6-1.40.19 (MiKTeX 2.9.6930 64-bit) (preloaded format=pdflatex 2019.2.21)  29 AUG 2019 23:56
entering extended mode
**\documentclass[11pt]{amsart}

*\usepackage{times}
("C:\Users\gcata\AppData\Local\Programs\MiKTeX 2.9\tex/latex/amscls\amsart.cls"
Document Class: amsart 2017/10/31 v2.20.4
\linespacing=\dimen102
\normalparindent=\dimen103
\normaltopskip=\skip41

("C:\Users\gcata\AppData\Local\Programs\MiKTeX 2.9\tex/latex/amsmath\amsmath.st
y"
Package: amsmath 2018/12/01 v2.17b AMS math features
\@mathmargin=\skip42

For additional information on amsmath, use the `?' option.

("C:\Users\gcata\AppData\Local\Programs\MiKTeX 2.9\tex/latex/amsmath\amstext.st
y"
Package: amstext 2000/06/29 v2.01 AMS text

("C:\Users\gcata\AppData\Local\Programs\MiKTeX 2.9\tex/latex/amsmath\amsgen.sty
"
File: amsgen.sty 1999/11/30 v2.0 generic functions
\@emptytoks=\toks14
\ex@=\dimen104
))
("C:\Users\gcata\AppData\Local\Programs\MiKTeX 2.9\tex/latex/amsmath\amsbsy.sty
"
Package: amsbsy 1999/11/29 v1.2d Bold Symbols
\pmbraise@=\dimen105
)
("C:\Users\gcata\AppData\Local\Programs\MiKTeX 2.9\tex/latex/amsmath\amsopn.sty
"
Package: amsopn 2016/03/08 v2.02 operator names
)
\inf@bad=\count80
LaTeX Info: Redefining \frac on input line 223.
\uproot@=\count81
\leftroot@=\count82
LaTeX Info: Redefining \overline on input line 385.
\classnum@=\count83
\DOTSCASE@=\count84
LaTeX Info: Redefining \ldots on input line 482.
LaTeX Info: Redefining \dots on input line 485.
LaTeX Info: Redefining \cdots on input line 606.
\Mathstrutbox@=\box27
\strutbox@=\box28
\big@size=\dimen106
LaTeX Font Info:    Redeclaring font encoding OML on input line 729.
LaTeX Font Info:    Redeclaring font encoding OMS on input line 730.
\macc@depth=\count85
\c@MaxMatrixCols=\count86
\dotsspace@=\muskip10
\c@parentequation=\count87
\dspbrk@lvl=\count88
\tag@help=\toks15
\row@=\count89
\column@=\count90
\maxfields@=\count91
\andhelp@=\toks16
\eqnshift@=\dimen107
\alignsep@=\dimen108
\tagshift@=\dimen109
\tagwidth@=\dimen110
\totwidth@=\dimen111
\lineht@=\dimen112
\@envbody=\toks17
\multlinegap=\skip43
\multlinetaggap=\skip44
\mathdisplay@stack=\toks18
LaTeX Info: Redefining \[ on input line 2844.
LaTeX Info: Redefining \] on input line 2845.
)
LaTeX Font Info:    Try loading font information for U+msa on input line 398.

("C:\Users\gcata\AppData\Local\Programs\MiKTeX 2.9\tex/latex/amsfonts\umsa.fd"
File: umsa.fd 2013/01/14 v3.01 AMS symbols A
)
("C:\Users\gcata\AppData\Local\Programs\MiKTeX 2.9\tex/latex/amsfonts\amsfonts.
sty"
Package: amsfonts 2013/01/14 v3.01 Basic AMSFonts support
\symAMSa=\mathgroup4
\symAMSb=\mathgroup5
LaTeX Font Info:    Overwriting math alphabet `\mathfrak' in version `bold'
(Font)                  U/euf/m/n --> U/euf/b/n on input line 106.
)
\copyins=\insert199
\abstractbox=\box29
\listisep=\skip45
\c@part=\count92
\c@section=\count93
\c@subsection=\count94
\c@subsubsection=\count95
\c@paragraph=\count96
\c@subparagraph=\count97
\c@figure=\count98
\c@table=\count99
\abovecaptionskip=\skip46
\belowcaptionskip=\skip47
\captionindent=\dimen113
\thm@style=\toks19
\thm@bodyfont=\toks20
\thm@headfont=\toks21
\thm@notefont=\toks22
\thm@headpunct=\toks23
\thm@preskip=\skip48
\thm@postskip=\skip49
\thm@headsep=\skip50
\dth@everypar=\toks24
)
*\usepackage{amssymb,latexsym}
("C:\Users\gcata\AppData\Local\Programs\MiKTeX 2.9\tex/latex/psnfss\times.sty"
Package: times 2005/04/12 PSNFSS-v9.2a (SPQR) 
)
*\usepackage[usenames, dvipsnames]{color}

("C:\Users\gcata\AppData\Local\Programs\MiKTeX 2.9\tex/latex/amsfonts\amssymb.s
ty"
Package: amssymb 2013/01/14 v3.01 AMS font symbols
)
("C:\Users\gcata\AppData\Local\Programs\MiKTeX 2.9\tex/latex/base\latexsym.sty"
Package: latexsym 1998/08/17 v2.2e Standard LaTeX package (lasy symbols)
\symlasy=\mathgroup6
LaTeX Font Info:    Overwriting symbol font `lasy' in version `bold'
(Font)                  U/lasy/m/n --> U/lasy/b/n on input line 52.
)
*\newcommand{\lgap}{12pt}                            % Line gap
("C:\Users\gcata\AppData\Local\Programs\MiKTeX 2.9\tex/latex/graphics\color.sty
"
Package: color 2016/07/10 v1.1e Standard LaTeX Color (DPC)

("C:\Users\gcata\AppData\Local\Programs\MiKTeX 2.9\tex/latex/graphics-cfg\color
.cfg"
File: color.cfg 2016/01/02 v1.6 sample color configuration
)
Package color Info: Driver file: pdftex.def on input line 147.

("C:\Users\gcata\AppData\Local\Programs\MiKTeX 2.9\tex/latex/graphics-def\pdfte
x.def"
File: pdftex.def 2018/01/08 v1.0l Graphics/color driver for pdftex
)
("C:\Users\gcata\AppData\Local\Programs\MiKTeX 2.9\tex/latex/graphics\dvipsnam.
def"
File: dvipsnam.def 2016/06/17 v3.0m Driver-dependent file (DPC,SPQR)
))
*\newcommand{\slgap}{4pt}                            % Small line gap

*\newcommand{\equivs}{\ensuremath{\;\equiv\;}}       % Equivales with space

*\newcommand{\equivss}{\ensuremath{\;\;\equiv\;\;}}  % Equivales with double sp
ace

*\newcommand{\nequiv}{\ensuremath{\not\equiv}}       % Inequivalent

*\newcommand{\impl}{\ensuremath{\Rightarrow}}        % Implies

*\newcommand{\nimpl}{\ensuremath{\not\Rightarrow}}   % Does not imply

*\newcommand{\foll}{\ensuremath{\Leftarrow}}         % Follows from

*\newcommand{\nfoll}{\ensuremath{\not\Leftarrow}}    % Does not follow from

*\newcommand{\proofbreak}{\\ \\ \\ \\}

*
(Please type a command or say `\end')
*% These macros are used for quantifications. Thanks to David Gries for sharing


*\newcommand{\thedr}{\rule[-.25ex]{.32mm}{1.75ex}}   % Symbol that separates du
mmy from range in quantification

*\newcommand{\dr}{\;\,\thedr\,\;}                    % Symbol that separates du
mmy from range, with spacing

*\newcommand{\rb}{:}                                 % Symbol that separates ra
nge from body in quantification

*\newcommand{\drrb}{\;\thedr\,{:}\;}                 % Symbol that separates du
mmy from body when range is missing

*\newcommand{\all}{\forall}                          % Universal quantification


*\newcommand{\ext}{\exists}                          % Existential quantificati
on

*\newcommand{\Gll} {\langle}                         % Open hint

*\newcommand{\Ggg} {\rangle}                         % Close hint

*
(Please type a command or say `\end')
*% Proof

*\newcommand{\Step}[1]{\>{$#1$}}

*\newcommand{\Hint}[1] {\\=\>\>\ \ \ $\Gll$\ \text{#1}\ $\Ggg$ \\}   % Single l
ine hint

*\newcommand{\done}{{\color{BurntOrange} \ \ $//$}}

*
(Please type a command or say `\end')
*% Math symbols \n\newcommand{\nat}{\mathbb{N}}

*\newcommand{\real}{\mathbb{R}}

*\newcommand{\integer}{\mathbb{Z}}

*\newcommand{\bool}{\mathbb{B}}

*
(Please type a command or say `\end')
*% Single and double quotes

*\newcommand{\Lq}{\mbox{`}}

*\newcommand{\Rq}{\mbox{'}}

*\newcommand{\Lqq}{\mbox{``}}

*\newcommand{\Rqq}{\mbox{''}}

*
(Please type a command or say `\end')
*\oddsidemargin  0.0in

*\evensidemargin 0.0in

*\textwidth      6.5in

*\headheight     0.0in

*\topmargin      0.0in

*\textheight=9.0in

*\parindent=0in

*\pagestyle{empty}

*
(Please type a command or say `\end')
*\begin{document}
No file texput.aux.
\openout1 = `texput.aux'.

LaTeX Font Info:    Checking defaults for OML/cmm/m/it on input line 0.
LaTeX Font Info:    ... okay on input line 0.
LaTeX Font Info:    Checking defaults for T1/cmr/m/n on input line 0.
LaTeX Font Info:    ... okay on input line 0.
LaTeX Font Info:    Checking defaults for OT1/cmr/m/n on input line 0.
LaTeX Font Info:    ... okay on input line 0.
LaTeX Font Info:    Checking defaults for OMS/cmsy/m/n on input line 0.
LaTeX Font Info:    ... okay on input line 0.
LaTeX Font Info:    Checking defaults for OMX/cmex/m/n on input line 0.
LaTeX Font Info:    ... okay on input line 0.
LaTeX Font Info:    Checking defaults for U/cmr/m/n on input line 0.
LaTeX Font Info:    ... okay on input line 0.
LaTeX Font Info:    Try loading font information for OT1+ptm on input line 0.
("C:\Users\gcata\AppData\Local\Programs\MiKTeX 2.9\tex/latex/psnfss\ot1ptm.fd"
File: ot1ptm.fd 2001/06/04 font definitions for OT1/ptm.
)
LaTeX Font Info:    Try loading font information for U+msa on input line 0.
("C:\Users\gcata\AppData\Local\Programs\MiKTeX 2.9\tex/latex/amsfonts\umsa.fd"
File: umsa.fd 2013/01/14 v3.01 AMS symbols A
)
LaTeX Font Info:    Try loading font information for U+msb on input line 0.
("C:\Users\gcata\AppData\Local\Programs\MiKTeX 2.9\tex/latex/amsfonts\umsb.fd"
File: umsb.fd 2013/01/14 v3.01 AMS symbols B
)
LaTeX Font Info:    Try loading font information for U+lasy on input line 0.
("C:\Users\gcata\AppData\Local\Programs\MiKTeX 2.9\tex/latex/base\ulasy.fd"
File: ulasy.fd 1998/08/17 v2.2e LaTeX symbol font definitions
)
("C:\Users\gcata\AppData\Local\Programs\MiKTeX 2.9\tex/context/base\supp-pdf.mk
ii"
[Loading MPS to PDF converter (version 2006.09.02).]
\scratchcounter=\count100
\scratchdimen=\dimen114
\scratchbox=\box30
\nofMPsegments=\count101
\nofMParguments=\count102
\everyMPshowfont=\toks25
\MPscratchCnt=\count103
\MPscratchDim=\dimen115
\MPnumerator=\count104
\makeMPintoPDFobject=\count105
\everyMPtoPDFconversion=\toks26
)
*\begin{tabbing}

*99.\;\=(m)\;\=\kill

*\color{blue}Prove\ (3.12) \textbf{Double Negation}: $\neg \neg p \equiv p$\\
LaTeX Font Info:    Font shape `OT1/ptm/bx/n' in size <10.95> not available
(Font)              Font shape `OT1/ptm/b/n' tried instead on input line 0.

*\color{blue}by showing equivalence to a previous theorem\\

*\\

*
(Please type a command or say `\end')
*\underline{Proof}\\\\

*\Step{\neg \neg p \equiv p}

*\\$=$\>\>\ \ \ $\Gll$\ \text{ (3.11) $\neg$\textit{p} $\equiv$ \textit{q} $\eq
uiv$ \textit{p} $\equiv$ $\neg$\textit{q}, with \textit{p}, \textit{q} $:=$ $\n
eg$\textit{p}, \textit{p} }\ $\Ggg$ \\

*\Step{\neg p \equiv \neg p}

*\\$=$\>\>\ \ \ $\Gll$\ \text{ Identity of $\equiv$ }\ $\Ggg$ \\

*\Step{true}

*\done

*
(Please type a command or say `\end')
*\efsadfnd{tfasdfasdabbing}
! Undefined control sequence.
<*> \efsadfnd
             {tfasdfasdabbing} 
Here is how much of TeX's memory you used:
 2336 strings out of 492946
 28476 string characters out of 3126266
 88910 words of memory out of 3000000
 6083 multiletter control sequences out of 15000+200000
 13089 words of font info for 50 fonts, out of 3000000 for 9000
 1302 hyphenation exceptions out of 8191
 33i,3n,29p,250b,147s stack positions out of 5000i,500n,10000p,200000b,50000s

!  ==> Fatal error occurred, no output PDF file produced!
